Build started 9/23/2015 10:11:24 AM.
     1>Project "C:\Users\pramesh\Desktop\HelloWorld\InputOutput\InputOutput\InputOutput.vcxproj" on node 2 (Build target(s)).
     1>ClCompile:
         C:\Program Files (x86)\Microsoft Visual Studio 12.0\VC\bin\CL.exe /c /ZI /nologo /W3 /WX- /Od /Oy- /D WIN32 /D _DEBUG /D _CONSOLE /D _LIB /D _UNICODE /D UNICODE /Gm /EHsc /RTC1 /MDd /GS /fp:precise /Zc:wchar_t /Zc:forScope /Fo"Debug\\" /Fd"Debug\vc120.pdb" /Gd /TC /analyze- /errorReport:prompt InputOutput.c
         InputOutput.c
     1>c:\users\pramesh\desktop\helloworld\inputoutput\inputoutput\inputoutput.c(11): warning C4996: 'scanf': This function or variable may be unsafe. Consider using scanf_s instead. To disable deprecation, use _CRT_SECURE_NO_WARNINGS. See online help for details.
                 c:\program files (x86)\microsoft visual studio 12.0\vc\include\stdio.h(283) : see declaration of 'scanf'
     1>c:\users\pramesh\desktop\helloworld\inputoutput\inputoutput\inputoutput.c(12): warning C4047: 'function' : 'const char *' differs in levels of indirection from 'char *[15]'
     1>c:\users\pramesh\desktop\helloworld\inputoutput\inputoutput\inputoutput.c(12): warning C4024: 'fopen' : different types for formal and actual parameter 1
     1>c:\users\pramesh\desktop\helloworld\inputoutput\inputoutput\inputoutput.c(12): warning C4996: 'fopen': This function or variable may be unsafe. Consider using fopen_s instead. To disable deprecation, use _CRT_SECURE_NO_WARNINGS. See online help for details.
                 c:\program files (x86)\microsoft visual studio 12.0\vc\include\stdio.h(211) : see declaration of 'fopen'
     1>c:\users\pramesh\desktop\helloworld\inputoutput\inputoutput\inputoutput.c(14): warning C4996: 'scanf': This function or variable may be unsafe. Consider using scanf_s instead. To disable deprecation, use _CRT_SECURE_NO_WARNINGS. See online help for details.
                 c:\program files (x86)\microsoft visual studio 12.0\vc\include\stdio.h(283) : see declaration of 'scanf'
     1>c:\users\pramesh\desktop\helloworld\inputoutput\inputoutput\inputoutput.c(15): warning C4047: 'function' : 'const char *' differs in levels of indirection from 'char *[15]'
     1>c:\users\pramesh\desktop\helloworld\inputoutput\inputoutput\inputoutput.c(15): warning C4024: 'fopen' : different types for formal and actual parameter 1
     1>c:\users\pramesh\desktop\helloworld\inputoutput\inputoutput\inputoutput.c(15): warning C4996: 'fopen': This function or variable may be unsafe. Consider using fopen_s instead. To disable deprecation, use _CRT_SECURE_NO_WARNINGS. See online help for details.
                 c:\program files (x86)\microsoft visual studio 12.0\vc\include\stdio.h(211) : see declaration of 'fopen'
       Link:
         C:\Program Files (x86)\Microsoft Visual Studio 12.0\VC\bin\link.exe /ERRORREPORT:PROMPT /OUT:"C:\Users\pramesh\Desktop\HelloWorld\InputOutput\Debug\InputOutput.exe" /INCREMENTAL /NOLOGO kernel32.lib user32.lib gdi32.lib winspool.lib comdlg32.lib advapi32.lib shell32.lib ole32.lib oleaut32.lib uuid.lib odbc32.lib odbccp32.lib /MANIFEST /MANIFESTUAC:"level='asInvoker' uiAccess='false'" /manifest:embed /DEBUG /PDB:"C:\Users\pramesh\Desktop\HelloWorld\InputOutput\Debug\InputOutput.pdb" /SUBSYSTEM:CONSOLE /TLBID:1 /DYNAMICBASE /NXCOMPAT /IMPLIB:"C:\Users\pramesh\Desktop\HelloWorld\InputOutput\Debug\InputOutput.lib" /MACHINE:X86 Debug\InputOutput.obj
         InputOutput.vcxproj -> C:\Users\pramesh\Desktop\HelloWorld\InputOutput\Debug\InputOutput.exe
     1>Done Building Project "C:\Users\pramesh\Desktop\HelloWorld\InputOutput\InputOutput\InputOutput.vcxproj" (Build target(s)).

Build succeeded.

Time Elapsed 00:00:00.33
